<?xml version="1.0" encoding="UTF-8"?>
<testsuite name="BuildPropagationTreeTest" tests="3" skipped="0" failures="1" errors="0" timestamp="2025-07-31T23:28:47" hostname="unknownf6c753db689b.lan" time="0.027">
  <properties/>
  <testcase name="test single step from origin to destiny()" classname="BuildPropagationTreeTest" time="0.025">
    <failure message="java.lang.ClassCastException: class Leaf cannot be cast to class Node (Leaf and Node are in unnamed module of loader 'app')" type="java.lang.ClassCastException">java.lang.ClassCastException: class Leaf cannot be cast to class Node (Leaf and Node are in unnamed module of loader 'app')
	at BuildPropagationTreeTest.test single step from origin to destiny(BuildPropagationTreeTests.kt:56)
	at java.base/java.lang.reflect.Method.invoke(Method.java:580)
	at java.base/java.util.ArrayList.forEach(ArrayList.java:1596)
	at java.base/java.util.ArrayList.forEach(ArrayList.java:1596)
</failure>
  </testcase>
  <testcase name="test Leaf when no children()" classname="BuildPropagationTreeTest" time="0.001"/>
  <testcase name="test two hops propagation()" classname="BuildPropagationTreeTest" time="0.0"/>
  <system-out><![CDATA[]]></system-out>
  <system-err><![CDATA[]]></system-err>
</testsuite>
